This file contains any messages produced by compilers while
running configure, to aid debugging if configure makes a mistake.

It was created by libserialport configure 0.1.1, which was
generated by GNU Autoconf 2.69.  Invocation command line was

  $ ./configure --prefix=/Users/adare/.julia/v0.4/LibSerialPort/deps/usr

## --------- ##
## Platform. ##
## --------- ##

hostname = virtue
uname -m = x86_64
uname -r = 15.3.0
uname -s = Darwin
uname -v = Darwin Kernel Version 15.3.0: Thu Dec 10 18:40:58 PST 2015; root:xnu-3248.30.4~1/RELEASE_X86_64

/usr/bin/uname -p = i386
/bin/uname -X     = unknown

/bin/arch              = unknown
/usr/bin/arch -k       = unknown
/usr/convex/getsysinfo = unknown
/usr/bin/hostinfo      = Mach kernel version:
	 Darwin Kernel Version 15.3.0: Thu Dec 10 18:40:58 PST 2015; root:xnu-3248.30.4~1/RELEASE_X86_64
Kernel configured for up to 8 processors.
4 processors are physically available.
8 processors are logically available.
Processor type: x86_64h (Intel x86-64h Haswell)
Processors active: 0 1 2 3 4 5 6 7
Primary memory available: 16.00 gigabytes
Default processor set: 286 tasks, 1268 threads, 8 processors
Load average: 1.21, Mach factor: 6.78
/bin/machine           = unknown
/usr/bin/oslevel       = unknown
/bin/universe          = unknown

PATH: /Applications/Julia-0.4.3.app/Contents/Resources/julia/bin
PATH: /Applications/Julia-0.4.3.app/Contents/Resources/julia/libexec/git-core
PATH: /Applications/Julia-0.4.3.app/Contents/Resources/julia/bin
PATH: /Applications/Julia-0.4.3.app/Contents/Resources/julia/libexec/git-core
PATH: /Users/adare/root/bin
PATH: /usr/local/bin
PATH: /usr/bin
PATH: /bin
PATH: /usr/sbin
PATH: /sbin
PATH: /opt/X11/bin
PATH: /usr/local/CrossPack-AVR/bin
PATH: /usr/local/git/bin
PATH: /Library/TeX/texbin
PATH: .
PATH: /Users/adare/bin
PATH: /Users/adare/anaconda/bin
PATH: /Applications/CMake.app/Contents/bin
PATH: /Applications/Julia-0.4.3.app/Contents/Resources/julia/bin
PATH: /Applications/Julia-0.4.3.app/Contents/Resources/julia/share/julia
PATH: /usr/local/gcc-arm-none-eabi-5_2-2015q4/bin


## ----------- ##
## Core tests. ##
## ----------- ##

configure:2439: checking for a BSD-compatible install
configure:2507: result: /usr/local/bin/ginstall -c
configure:2518: checking whether build environment is sane
configure:2573: result: yes
configure:2724: checking for a thread-safe mkdir -p
configure:2763: result: /usr/local/bin/gmkdir -p
configure:2770: checking for gawk
configure:2800: result: no
configure:2770: checking for mawk
configure:2800: result: no
configure:2770: checking for nawk
configure:2800: result: no
configure:2770: checking for awk
configure:2786: found /usr/bin/awk
configure:2797: result: awk
configure:2808: checking whether make sets $(MAKE)
configure:2830: result: yes
configure:2859: checking whether make supports nested variables
configure:2876: result: yes
configure:3004: checking whether make supports nested variables
configure:3021: result: yes
configure:3044: checking for style of include used by make
configure:3072: result: GNU
configure:3143: checking for gcc
configure:3159: found /usr/bin/gcc
configure:3170: result: gcc
configure:3399: checking for C compiler version
configure:3408: gcc --version >&5
Apple LLVM version 7.0.2 (clang-700.1.81)
Target: x86_64-apple-darwin15.3.0
Thread model: posix
Configured with: --prefix=/Applications/Xcode.app/Contents/Developer/usr --with-gxx-include-dir=/usr/include/c++/4.2.1
configure:3419: $? = 0
configure:3408: gcc -v >&5
Configured with: --prefix=/Applications/Xcode.app/Contents/Developer/usr --with-gxx-include-dir=/usr/include/c++/4.2.1
Apple LLVM version 7.0.2 (clang-700.1.81)
Target: x86_64-apple-darwin15.3.0
Thread model: posix
configure:3419: $? = 0
configure:3408: gcc -V >&5
clang: error: argument to '-V' is missing (expected 1 value)
clang: error: no input files
configure:3419: $? = 1
configure:3408: gcc -qversion >&5
clang: error: unknown argument: '-qversion'
clang: error: no input files
configure:3419: $? = 1
configure:3439: checking whether the C compiler works
configure:3461: gcc    conftest.c  >&5
configure:3465: $? = 0
configure:3513: result: yes
configure:3516: checking for C compiler default output file name
configure:3518: result: a.out
configure:3524: checking for suffix of executables
configure:3531: gcc -o conftest    conftest.c  >&5
configure:3535: $? = 0
configure:3557: result: 
configure:3579: checking whether we are cross compiling
configure:3587: gcc -o conftest    conftest.c  >&5
configure:3591: $? = 0
configure:3598: ./conftest
configure:3602: $? = 0
configure:3617: result: no
configure:3622: checking for suffix of object files
configure:3644: gcc -c   conftest.c >&5
configure:3648: $? = 0
configure:3669: result: o
configure:3673: checking whether we are using the GNU C compiler
configure:3692: gcc -c   conftest.c >&5
configure:3692: $? = 0
configure:3701: result: yes
configure:3710: checking whether gcc accepts -g
configure:3730: gcc -c -g  conftest.c >&5
configure:3730: $? = 0
configure:3771: result: yes
configure:3788: checking for gcc option to accept ISO C89
configure:3851: gcc  -c -g -O2  conftest.c >&5
configure:3851: $? = 0
configure:3864: result: none needed
configure:3889: checking whether gcc understands -c and -o together
configure:3911: gcc -c conftest.c -o conftest2.o
configure:3914: $? = 0
configure:3911: gcc -c conftest.c -o conftest2.o
configure:3914: $? = 0
configure:3926: result: yes
configure:3945: checking dependency style of gcc
configure:4056: result: gcc3
configure:4121: checking for ar
configure:4137: found /usr/bin/ar
configure:4148: result: ar
configure:4174: checking the archiver (ar) interface
configure:4190: gcc -c -g -O2  conftest.c >&5
configure:4190: $? = 0
configure:4192: ar cru libconftest.a conftest.o >&5
configure:4195: $? = 0
configure:4223: result: ar
configure:4293: checking for gcc
configure:4320: result: gcc
configure:4549: checking for C compiler version
configure:4558: gcc --version >&5
Apple LLVM version 7.0.2 (clang-700.1.81)
Target: x86_64-apple-darwin15.3.0
Thread model: posix
Configured with: --prefix=/Applications/Xcode.app/Contents/Developer/usr --with-gxx-include-dir=/usr/include/c++/4.2.1
configure:4569: $? = 0
configure:4558: gcc -v >&5
Configured with: --prefix=/Applications/Xcode.app/Contents/Developer/usr --with-gxx-include-dir=/usr/include/c++/4.2.1
Apple LLVM version 7.0.2 (clang-700.1.81)
Target: x86_64-apple-darwin15.3.0
Thread model: posix
configure:4569: $? = 0
configure:4558: gcc -V >&5
clang: error: argument to '-V' is missing (expected 1 value)
clang: error: no input files
configure:4569: $? = 1
configure:4558: gcc -qversion >&5
clang: error: unknown argument: '-qversion'
clang: error: no input files
configure:4569: $? = 1
configure:4573: checking whether we are using the GNU C compiler
configure:4601: result: yes
configure:4610: checking whether gcc accepts -g
configure:4671: result: yes
configure:4688: checking for gcc option to accept ISO C89
configure:4764: result: none needed
configure:4789: checking whether gcc understands -c and -o together
configure:4826: result: yes
configure:4845: checking dependency style of gcc
configure:4956: result: gcc3
configure:4972: checking whether ln -s works
configure:4976: result: yes
configure:5014: checking build system type
configure:5028: result: x86_64-apple-darwin15.3.0
configure:5048: checking host system type
configure:5061: result: x86_64-apple-darwin15.3.0
configure:5102: checking how to print strings
configure:5129: result: printf
configure:5150: checking for a sed that does not truncate output
configure:5214: result: /usr/bin/sed
configure:5232: checking for grep that handles long lines and -e
configure:5290: result: /usr/bin/grep
configure:5295: checking for egrep
configure:5357: result: /usr/bin/grep -E
configure:5362: checking for fgrep
configure:5424: result: /usr/bin/grep -F
configure:5459: checking for ld used by gcc
configure:5526: result: /Applications/Xcode.app/Contents/Developer/Toolchains/XcodeDefault.xctoolchain/usr/bin/ld
configure:5533: checking if the linker (/Applications/Xcode.app/Contents/Developer/Toolchains/XcodeDefault.xctoolchain/usr/bin/ld) is GNU ld
configure:5548: result: no
configure:5560: checking for BSD- or MS-compatible name lister (nm)
configure:5609: result: /usr/bin/nm
configure:5739: checking the name lister (/usr/bin/nm) interface
configure:5746: gcc -c -g -O2  conftest.c >&5
configure:5749: /usr/bin/nm "conftest.o"
configure:5752: output
0000000000000214 S _some_variable
configure:5759: result: BSD nm
configure:5763: checking the maximum length of command line arguments
configure:5894: result: 196608
configure:5911: checking whether the shell understands some XSI constructs
configure:5921: result: yes
configure:5925: checking whether the shell understands "+="
configure:5931: result: yes
configure:5966: checking how to convert x86_64-apple-darwin15.3.0 file names to x86_64-apple-darwin15.3.0 format
configure:6006: result: func_convert_file_noop
configure:6013: checking how to convert x86_64-apple-darwin15.3.0 file names to toolchain format
configure:6033: result: func_convert_file_noop
configure:6040: checking for /Applications/Xcode.app/Contents/Developer/Toolchains/XcodeDefault.xctoolchain/usr/bin/ld option to reload object files
configure:6047: result: -r
configure:6121: checking for objdump
configure:6151: result: no
configure:6180: checking how to recognize dependent libraries
configure:6378: result: pass_all
configure:6463: checking for dlltool
configure:6493: result: no
configure:6523: checking how to associate runtime and link libraries
configure:6550: result: printf %s\n
configure:6674: checking for archiver @FILE support
configure:6691: gcc -c -g -O2  conftest.c >&5
configure:6691: $? = 0
configure:6694: ar cru libconftest.a @conftest.lst >&5
ar: @conftest.lst: No such file or directory
configure:6697: $? = 1
configure:6717: result: no
configure:6775: checking for strip
configure:6791: found /usr/bin/strip
configure:6802: result: strip
configure:6874: checking for ranlib
configure:6890: found /usr/bin/ranlib
configure:6901: result: ranlib
configure:7003: checking command to parse /usr/bin/nm output from gcc object
configure:7123: gcc -c -g -O2  conftest.c >&5
configure:7126: $? = 0
configure:7130: /usr/bin/nm conftest.o \| sed -n -e 's/^.*[ ]\([BCDEGRST][BCDEGRST]*\)[ ][ ]*\([_A-Za-z][_A-Za-z0-9]*\)$/\1 \2 \2/p' | sed '/ __gnu_lto/d' \> conftest.nm
configure:7133: $? = 0
cannot find nm_test_var in conftest.nm
configure:7123: gcc -c -g -O2  conftest.c >&5
configure:7126: $? = 0
configure:7130: /usr/bin/nm conftest.o \| sed -n -e 's/^.*[ ]\([BCDEGRST][BCDEGRST]*\)[ ][ ]*_\([_A-Za-z][_A-Za-z0-9]*\)$/\1 _\2 \2/p' | sed '/ __gnu_lto/d' \> conftest.nm
configure:7133: $? = 0
configure:7199: gcc -o conftest -g -O2   conftest.c conftstm.o >&5
warning: (x86_64)  could not find object file symbol for symbol _main
configure:7202: $? = 0
configure:7240: result: ok
configure:7277: checking for sysroot
configure:7307: result: no
configure:7576: checking for mt
configure:7606: result: no
configure:7626: checking if : is a manifest tool
configure:7632: : '-?'
configure:7640: result: no
configure:7696: checking for dsymutil
configure:7712: found /usr/bin/dsymutil
configure:7723: result: dsymutil
configure:7788: checking for nmedit
configure:7804: found /usr/bin/nmedit
configure:7815: result: nmedit
configure:7880: checking for lipo
configure:7896: found /usr/bin/lipo
configure:7907: result: lipo
configure:7972: checking for otool
configure:7988: found /usr/bin/otool
configure:7999: result: otool
configure:8064: checking for otool64
configure:8094: result: no
configure:8139: checking for -single_module linker flag
gcc -g -O2  -o libconftest.dylib -dynamiclib -Wl,-single_module conftest.c
configure:8172: result: yes
configure:8175: checking for -exported_symbols_list linker flag
configure:8195: gcc -o conftest -g -O2   -Wl,-exported_symbols_list,conftest.sym conftest.c  >&5
configure:8195: $? = 0
configure:8205: result: yes
configure:8208: checking for -force_load linker flag
gcc -g -O2 -c -o conftest.o conftest.c
ar cru libconftest.a conftest.o
ranlib libconftest.a
gcc -g -O2  -o conftest conftest.c -Wl,-force_load,./libconftest.a
configure:8240: result: yes
configure:8282: checking how to run the C preprocessor
configure:8313: gcc -E  conftest.c
configure:8313: $? = 0
configure:8327: gcc -E  conftest.c
conftest.c:9:10: fatal error: 'ac_nonexistent.h' file not found
#include <ac_nonexistent.h>
         ^
1 error generated.
configure:8327: $? = 1
configure: failed program was:
| /* confdefs.h */
| #define PACKAGE_NAME "libserialport"
| #define PACKAGE_TARNAME "libserialport"
| #define PACKAGE_VERSION "0.1.1"
| #define PACKAGE_STRING "libserialport 0.1.1"
| #define PACKAGE_BUGREPORT "martin-libserialport@earth.li"
| #define PACKAGE_URL "http://sigrok.org/wiki/Libserialport"
| /* end confdefs.h.  */
| #include <ac_nonexistent.h>
configure:8352: result: gcc -E
configure:8372: gcc -E  conftest.c
configure:8372: $? = 0
configure:8386: gcc -E  conftest.c
conftest.c:9:10: fatal error: 'ac_nonexistent.h' file not found
#include <ac_nonexistent.h>
         ^
1 error generated.
configure:8386: $? = 1
configure: failed program was:
| /* confdefs.h */
| #define PACKAGE_NAME "libserialport"
| #define PACKAGE_TARNAME "libserialport"
| #define PACKAGE_VERSION "0.1.1"
| #define PACKAGE_STRING "libserialport 0.1.1"
| #define PACKAGE_BUGREPORT "martin-libserialport@earth.li"
| #define PACKAGE_URL "http://sigrok.org/wiki/Libserialport"
| /* end confdefs.h.  */
| #include <ac_nonexistent.h>
configure:8415: checking for ANSI C header files
configure:8435: gcc -c -g -O2  conftest.c >&5
configure:8435: $? = 0
configure:8508: gcc -o conftest -g -O2   conftest.c  >&5
configure:8508: $? = 0
configure:8508: ./conftest
configure:8508: $? = 0
configure:8519: result: yes
configure:8532: checking for sys/types.h
configure:8532: gcc -c -g -O2  conftest.c >&5
configure:8532: $? = 0
configure:8532: result: yes
configure:8532: checking for sys/stat.h
configure:8532: gcc -c -g -O2  conftest.c >&5
configure:8532: $? = 0
configure:8532: result: yes
configure:8532: checking for stdlib.h
configure:8532: gcc -c -g -O2  conftest.c >&5
configure:8532: $? = 0
configure:8532: result: yes
configure:8532: checking for string.h
configure:8532: gcc -c -g -O2  conftest.c >&5
configure:8532: $? = 0
configure:8532: result: yes
configure:8532: checking for memory.h
configure:8532: gcc -c -g -O2  conftest.c >&5
configure:8532: $? = 0
configure:8532: result: yes
configure:8532: checking for strings.h
configure:8532: gcc -c -g -O2  conftest.c >&5
configure:8532: $? = 0
configure:8532: result: yes
configure:8532: checking for inttypes.h
configure:8532: gcc -c -g -O2  conftest.c >&5
configure:8532: $? = 0
configure:8532: result: yes
configure:8532: checking for stdint.h
configure:8532: gcc -c -g -O2  conftest.c >&5
configure:8532: $? = 0
configure:8532: result: yes
configure:8532: checking for unistd.h
configure:8532: gcc -c -g -O2  conftest.c >&5
configure:8532: $? = 0
configure:8532: result: yes
configure:8546: checking for dlfcn.h
configure:8546: gcc -c -g -O2  conftest.c >&5
configure:8546: $? = 0
configure:8546: result: yes
configure:8752: checking for objdir
configure:8767: result: .libs
configure:9038: checking if gcc supports -fno-rtti -fno-exceptions
configure:9056: gcc -c -g -O2  -fno-rtti -fno-exceptions conftest.c >&5
configure:9060: $? = 0
configure:9073: result: yes
configure:9400: checking for gcc option to produce PIC
configure:9407: result: -fno-common -DPIC
configure:9415: checking if gcc PIC flag -fno-common -DPIC works
configure:9433: gcc -c -g -O2  -fno-common -DPIC -DPIC conftest.c >&5
configure:9437: $? = 0
configure:9450: result: yes
configure:9479: checking if gcc static flag -static works
configure:9507: result: no
configure:9522: checking if gcc supports -c -o file.o
configure:9543: gcc -c -g -O2  -o out/conftest2.o conftest.c >&5
configure:9547: $? = 0
configure:9569: result: yes
configure:9577: checking if gcc supports -c -o file.o
configure:9624: result: yes
configure:9657: checking whether the gcc linker (/Applications/Xcode.app/Contents/Developer/Toolchains/XcodeDefault.xctoolchain/usr/bin/ld) supports shared libraries
configure:10814: result: yes
configure:11054: checking dynamic linker characteristics
configure:11788: result: darwin15.3.0 dyld
configure:11895: checking how to hardcode library paths into programs
configure:11920: result: immediate
configure:12460: checking whether stripping libraries is possible
configure:12474: result: yes
configure:12500: checking if libtool supports shared libraries
configure:12502: result: yes
configure:12505: checking whether to build shared libraries
configure:12526: result: yes
configure:12529: checking whether to build static libraries
configure:12533: result: yes
configure:12658: checking IOKit/IOKitLib.h usability
configure:12658: gcc -c -g -O2  conftest.c >&5
configure:12658: $? = 0
configure:12658: result: yes
configure:12658: checking IOKit/IOKitLib.h presence
configure:12658: gcc -E  conftest.c
configure:12658: $? = 0
configure:12658: result: yes
configure:12658: checking for IOKit/IOKitLib.h
configure:12658: result: yes
configure:12689: checking for special C compiler options needed for large files
configure:12734: result: no
configure:12740: checking for _FILE_OFFSET_BITS value needed for large files
configure:12765: gcc -c -g -O2  conftest.c >&5
configure:12765: $? = 0
configure:12797: result: no
configure:12884: checking for size_t
configure:12884: gcc -c -g -O2  conftest.c >&5
configure:12884: $? = 0
configure:12884: gcc -c -g -O2  conftest.c >&5
conftest.c:65:21: error: expected expression
if (sizeof ((size_t)))
                    ^
1 error generated.
configure:12884: $? = 1
configure: failed program was:
| /* confdefs.h */
| #define PACKAGE_NAME "libserialport"
| #define PACKAGE_TARNAME "libserialport"
| #define PACKAGE_VERSION "0.1.1"
| #define PACKAGE_STRING "libserialport 0.1.1"
| #define PACKAGE_BUGREPORT "martin-libserialport@earth.li"
| #define PACKAGE_URL "http://sigrok.org/wiki/Libserialport"
| #define STDC_HEADERS 1
| #define HAVE_SYS_TYPES_H 1
| #define HAVE_SYS_STAT_H 1
| #define HAVE_STDLIB_H 1
| #define HAVE_STRING_H 1
| #define HAVE_MEMORY_H 1
| #define HAVE_STRINGS_H 1
| #define HAVE_INTTYPES_H 1
| #define HAVE_STDINT_H 1
| #define HAVE_UNISTD_H 1
| #define HAVE_DLFCN_H 1
| #define LT_OBJDIR ".libs/"
| #define SP_PACKAGE_VERSION_MAJOR 0
| #define SP_PACKAGE_VERSION_MINOR 1
| #define SP_PACKAGE_VERSION_MICRO 1
| #define SP_PACKAGE_VERSION_STRING "0.1.1"
| #define SP_LIB_VERSION_CURRENT 1
| #define SP_LIB_VERSION_REVISION 0
| #define SP_LIB_VERSION_AGE 1
| #define SP_LIB_VERSION_STRING "1:0:1"
| /* end confdefs.h.  */
| #include <stdio.h>
| #ifdef HAVE_SYS_TYPES_H
| # include <sys/types.h>
| #endif
| #ifdef HAVE_SYS_STAT_H
| # include <sys/stat.h>
| #endif
| #ifdef STDC_HEADERS
| # include <stdlib.h>
| # include <stddef.h>
| #else
| # ifdef HAVE_STDLIB_H
| #  include <stdlib.h>
| # endif
| #endif
| #ifdef HAVE_STRING_H
| # if !defined STDC_HEADERS && defined HAVE_MEMORY_H
| #  include <memory.h>
| # endif
| # include <string.h>
| #endif
| #ifdef HAVE_STRINGS_H
| # include <strings.h>
| #endif
| #ifdef HAVE_INTTYPES_H
| # include <inttypes.h>
| #endif
| #ifdef HAVE_STDINT_H
| # include <stdint.h>
| #endif
| #ifdef HAVE_UNISTD_H
| # include <unistd.h>
| #endif
| int
| main ()
| {
| if (sizeof ((size_t)))
| 	    return 0;
|   ;
|   return 0;
| }
configure:12884: result: yes
configure:12897: checking for struct termios2
configure:12897: gcc -c -g -O2  conftest.c >&5
conftest.c:29:10: fatal error: 'linux/termios.h' file not found
#include <linux/termios.h>
         ^
1 error generated.
configure:12897: $? = 1
configure: failed program was:
| /* confdefs.h */
| #define PACKAGE_NAME "libserialport"
| #define PACKAGE_TARNAME "libserialport"
| #define PACKAGE_VERSION "0.1.1"
| #define PACKAGE_STRING "libserialport 0.1.1"
| #define PACKAGE_BUGREPORT "martin-libserialport@earth.li"
| #define PACKAGE_URL "http://sigrok.org/wiki/Libserialport"
| #define STDC_HEADERS 1
| #define HAVE_SYS_TYPES_H 1
| #define HAVE_SYS_STAT_H 1
| #define HAVE_STDLIB_H 1
| #define HAVE_STRING_H 1
| #define HAVE_MEMORY_H 1
| #define HAVE_STRINGS_H 1
| #define HAVE_INTTYPES_H 1
| #define HAVE_STDINT_H 1
| #define HAVE_UNISTD_H 1
| #define HAVE_DLFCN_H 1
| #define LT_OBJDIR ".libs/"
| #define SP_PACKAGE_VERSION_MAJOR 0
| #define SP_PACKAGE_VERSION_MINOR 1
| #define SP_PACKAGE_VERSION_MICRO 1
| #define SP_PACKAGE_VERSION_STRING "0.1.1"
| #define SP_LIB_VERSION_CURRENT 1
| #define SP_LIB_VERSION_REVISION 0
| #define SP_LIB_VERSION_AGE 1
| #define SP_LIB_VERSION_STRING "1:0:1"
| /* end confdefs.h.  */
| #include <linux/termios.h>
| 
| int
| main ()
| {
| if (sizeof (struct termios2))
| 	 return 0;
|   ;
|   return 0;
| }
configure:12897: result: no
configure:12907: checking for struct termiox
configure:12907: gcc -c -g -O2  conftest.c >&5
conftest.c:29:10: fatal error: 'linux/termios.h' file not found
#include <linux/termios.h>
         ^
1 error generated.
configure:12907: $? = 1
configure: failed program was:
| /* confdefs.h */
| #define PACKAGE_NAME "libserialport"
| #define PACKAGE_TARNAME "libserialport"
| #define PACKAGE_VERSION "0.1.1"
| #define PACKAGE_STRING "libserialport 0.1.1"
| #define PACKAGE_BUGREPORT "martin-libserialport@earth.li"
| #define PACKAGE_URL "http://sigrok.org/wiki/Libserialport"
| #define STDC_HEADERS 1
| #define HAVE_SYS_TYPES_H 1
| #define HAVE_SYS_STAT_H 1
| #define HAVE_STDLIB_H 1
| #define HAVE_STRING_H 1
| #define HAVE_MEMORY_H 1
| #define HAVE_STRINGS_H 1
| #define HAVE_INTTYPES_H 1
| #define HAVE_STDINT_H 1
| #define HAVE_UNISTD_H 1
| #define HAVE_DLFCN_H 1
| #define LT_OBJDIR ".libs/"
| #define SP_PACKAGE_VERSION_MAJOR 0
| #define SP_PACKAGE_VERSION_MINOR 1
| #define SP_PACKAGE_VERSION_MICRO 1
| #define SP_PACKAGE_VERSION_STRING "0.1.1"
| #define SP_LIB_VERSION_CURRENT 1
| #define SP_LIB_VERSION_REVISION 0
| #define SP_LIB_VERSION_AGE 1
| #define SP_LIB_VERSION_STRING "1:0:1"
| /* end confdefs.h.  */
| #include <linux/termios.h>
| 
| int
| main ()
| {
| if (sizeof (struct termiox))
| 	 return 0;
|   ;
|   return 0;
| }
configure:12907: result: no
configure:12918: checking for struct termios.c_ispeed
configure:12918: gcc -c -g -O2  conftest.c >&5
conftest.c:29:10: fatal error: 'linux/termios.h' file not found
#include <linux/termios.h>
         ^
1 error generated.
configure:12918: $? = 1
configure: failed program was:
| /* confdefs.h */
| #define PACKAGE_NAME "libserialport"
| #define PACKAGE_TARNAME "libserialport"
| #define PACKAGE_VERSION "0.1.1"
| #define PACKAGE_STRING "libserialport 0.1.1"
| #define PACKAGE_BUGREPORT "martin-libserialport@earth.li"
| #define PACKAGE_URL "http://sigrok.org/wiki/Libserialport"
| #define STDC_HEADERS 1
| #define HAVE_SYS_TYPES_H 1
| #define HAVE_SYS_STAT_H 1
| #define HAVE_STDLIB_H 1
| #define HAVE_STRING_H 1
| #define HAVE_MEMORY_H 1
| #define HAVE_STRINGS_H 1
| #define HAVE_INTTYPES_H 1
| #define HAVE_STDINT_H 1
| #define HAVE_UNISTD_H 1
| #define HAVE_DLFCN_H 1
| #define LT_OBJDIR ".libs/"
| #define SP_PACKAGE_VERSION_MAJOR 0
| #define SP_PACKAGE_VERSION_MINOR 1
| #define SP_PACKAGE_VERSION_MICRO 1
| #define SP_PACKAGE_VERSION_STRING "0.1.1"
| #define SP_LIB_VERSION_CURRENT 1
| #define SP_LIB_VERSION_REVISION 0
| #define SP_LIB_VERSION_AGE 1
| #define SP_LIB_VERSION_STRING "1:0:1"
| /* end confdefs.h.  */
| #include <linux/termios.h>
| 
| int
| main ()
| {
| static struct termios ac_aggr;
| if (ac_aggr.c_ispeed)
| return 0;
|   ;
|   return 0;
| }
configure:12918: gcc -c -g -O2  conftest.c >&5
conftest.c:29:10: fatal error: 'linux/termios.h' file not found
#include <linux/termios.h>
         ^
1 error generated.
configure:12918: $? = 1
configure: failed program was:
| /* confdefs.h */
| #define PACKAGE_NAME "libserialport"
| #define PACKAGE_TARNAME "libserialport"
| #define PACKAGE_VERSION "0.1.1"
| #define PACKAGE_STRING "libserialport 0.1.1"
| #define PACKAGE_BUGREPORT "martin-libserialport@earth.li"
| #define PACKAGE_URL "http://sigrok.org/wiki/Libserialport"
| #define STDC_HEADERS 1
| #define HAVE_SYS_TYPES_H 1
| #define HAVE_SYS_STAT_H 1
| #define HAVE_STDLIB_H 1
| #define HAVE_STRING_H 1
| #define HAVE_MEMORY_H 1
| #define HAVE_STRINGS_H 1
| #define HAVE_INTTYPES_H 1
| #define HAVE_STDINT_H 1
| #define HAVE_UNISTD_H 1
| #define HAVE_DLFCN_H 1
| #define LT_OBJDIR ".libs/"
| #define SP_PACKAGE_VERSION_MAJOR 0
| #define SP_PACKAGE_VERSION_MINOR 1
| #define SP_PACKAGE_VERSION_MICRO 1
| #define SP_PACKAGE_VERSION_STRING "0.1.1"
| #define SP_LIB_VERSION_CURRENT 1
| #define SP_LIB_VERSION_REVISION 0
| #define SP_LIB_VERSION_AGE 1
| #define SP_LIB_VERSION_STRING "1:0:1"
| /* end confdefs.h.  */
| #include <linux/termios.h>
| 
| int
| main ()
| {
| static struct termios ac_aggr;
| if (sizeof ac_aggr.c_ispeed)
| return 0;
|   ;
|   return 0;
| }
configure:12918: result: no
configure:12928: checking for struct termios.c_ospeed
configure:12928: gcc -c -g -O2  conftest.c >&5
conftest.c:29:10: fatal error: 'linux/termios.h' file not found
#include <linux/termios.h>
         ^
1 error generated.
configure:12928: $? = 1
configure: failed program was:
| /* confdefs.h */
| #define PACKAGE_NAME "libserialport"
| #define PACKAGE_TARNAME "libserialport"
| #define PACKAGE_VERSION "0.1.1"
| #define PACKAGE_STRING "libserialport 0.1.1"
| #define PACKAGE_BUGREPORT "martin-libserialport@earth.li"
| #define PACKAGE_URL "http://sigrok.org/wiki/Libserialport"
| #define STDC_HEADERS 1
| #define HAVE_SYS_TYPES_H 1
| #define HAVE_SYS_STAT_H 1
| #define HAVE_STDLIB_H 1
| #define HAVE_STRING_H 1
| #define HAVE_MEMORY_H 1
| #define HAVE_STRINGS_H 1
| #define HAVE_INTTYPES_H 1
| #define HAVE_STDINT_H 1
| #define HAVE_UNISTD_H 1
| #define HAVE_DLFCN_H 1
| #define LT_OBJDIR ".libs/"
| #define SP_PACKAGE_VERSION_MAJOR 0
| #define SP_PACKAGE_VERSION_MINOR 1
| #define SP_PACKAGE_VERSION_MICRO 1
| #define SP_PACKAGE_VERSION_STRING "0.1.1"
| #define SP_LIB_VERSION_CURRENT 1
| #define SP_LIB_VERSION_REVISION 0
| #define SP_LIB_VERSION_AGE 1
| #define SP_LIB_VERSION_STRING "1:0:1"
| /* end confdefs.h.  */
| #include <linux/termios.h>
| 
| int
| main ()
| {
| static struct termios ac_aggr;
| if (ac_aggr.c_ospeed)
| return 0;
|   ;
|   return 0;
| }
configure:12928: gcc -c -g -O2  conftest.c >&5
conftest.c:29:10: fatal error: 'linux/termios.h' file not found
#include <linux/termios.h>
         ^
1 error generated.
configure:12928: $? = 1
configure: failed program was:
| /* confdefs.h */
| #define PACKAGE_NAME "libserialport"
| #define PACKAGE_TARNAME "libserialport"
| #define PACKAGE_VERSION "0.1.1"
| #define PACKAGE_STRING "libserialport 0.1.1"
| #define PACKAGE_BUGREPORT "martin-libserialport@earth.li"
| #define PACKAGE_URL "http://sigrok.org/wiki/Libserialport"
| #define STDC_HEADERS 1
| #define HAVE_SYS_TYPES_H 1
| #define HAVE_SYS_STAT_H 1
| #define HAVE_STDLIB_H 1
| #define HAVE_STRING_H 1
| #define HAVE_MEMORY_H 1
| #define HAVE_STRINGS_H 1
| #define HAVE_INTTYPES_H 1
| #define HAVE_STDINT_H 1
| #define HAVE_UNISTD_H 1
| #define HAVE_DLFCN_H 1
| #define LT_OBJDIR ".libs/"
| #define SP_PACKAGE_VERSION_MAJOR 0
| #define SP_PACKAGE_VERSION_MINOR 1
| #define SP_PACKAGE_VERSION_MICRO 1
| #define SP_PACKAGE_VERSION_STRING "0.1.1"
| #define SP_LIB_VERSION_CURRENT 1
| #define SP_LIB_VERSION_REVISION 0
| #define SP_LIB_VERSION_AGE 1
| #define SP_LIB_VERSION_STRING "1:0:1"
| /* end confdefs.h.  */
| #include <linux/termios.h>
| 
| int
| main ()
| {
| static struct termios ac_aggr;
| if (sizeof ac_aggr.c_ospeed)
| return 0;
|   ;
|   return 0;
| }
configure:12928: result: no
configure:12938: checking for struct termios2.c_ispeed
configure:12938: gcc -c -g -O2  conftest.c >&5
conftest.c:29:10: fatal error: 'linux/termios.h' file not found
#include <linux/termios.h>
         ^
1 error generated.
configure:12938: $? = 1
configure: failed program was:
| /* confdefs.h */
| #define PACKAGE_NAME "libserialport"
| #define PACKAGE_TARNAME "libserialport"
| #define PACKAGE_VERSION "0.1.1"
| #define PACKAGE_STRING "libserialport 0.1.1"
| #define PACKAGE_BUGREPORT "martin-libserialport@earth.li"
| #define PACKAGE_URL "http://sigrok.org/wiki/Libserialport"
| #define STDC_HEADERS 1
| #define HAVE_SYS_TYPES_H 1
| #define HAVE_SYS_STAT_H 1
| #define HAVE_STDLIB_H 1
| #define HAVE_STRING_H 1
| #define HAVE_MEMORY_H 1
| #define HAVE_STRINGS_H 1
| #define HAVE_INTTYPES_H 1
| #define HAVE_STDINT_H 1
| #define HAVE_UNISTD_H 1
| #define HAVE_DLFCN_H 1
| #define LT_OBJDIR ".libs/"
| #define SP_PACKAGE_VERSION_MAJOR 0
| #define SP_PACKAGE_VERSION_MINOR 1
| #define SP_PACKAGE_VERSION_MICRO 1
| #define SP_PACKAGE_VERSION_STRING "0.1.1"
| #define SP_LIB_VERSION_CURRENT 1
| #define SP_LIB_VERSION_REVISION 0
| #define SP_LIB_VERSION_AGE 1
| #define SP_LIB_VERSION_STRING "1:0:1"
| /* end confdefs.h.  */
| #include <linux/termios.h>
| 
| int
| main ()
| {
| static struct termios2 ac_aggr;
| if (ac_aggr.c_ispeed)
| return 0;
|   ;
|   return 0;
| }
configure:12938: gcc -c -g -O2  conftest.c >&5
conftest.c:29:10: fatal error: 'linux/termios.h' file not found
#include <linux/termios.h>
         ^
1 error generated.
configure:12938: $? = 1
configure: failed program was:
| /* confdefs.h */
| #define PACKAGE_NAME "libserialport"
| #define PACKAGE_TARNAME "libserialport"
| #define PACKAGE_VERSION "0.1.1"
| #define PACKAGE_STRING "libserialport 0.1.1"
| #define PACKAGE_BUGREPORT "martin-libserialport@earth.li"
| #define PACKAGE_URL "http://sigrok.org/wiki/Libserialport"
| #define STDC_HEADERS 1
| #define HAVE_SYS_TYPES_H 1
| #define HAVE_SYS_STAT_H 1
| #define HAVE_STDLIB_H 1
| #define HAVE_STRING_H 1
| #define HAVE_MEMORY_H 1
| #define HAVE_STRINGS_H 1
| #define HAVE_INTTYPES_H 1
| #define HAVE_STDINT_H 1
| #define HAVE_UNISTD_H 1
| #define HAVE_DLFCN_H 1
| #define LT_OBJDIR ".libs/"
| #define SP_PACKAGE_VERSION_MAJOR 0
| #define SP_PACKAGE_VERSION_MINOR 1
| #define SP_PACKAGE_VERSION_MICRO 1
| #define SP_PACKAGE_VERSION_STRING "0.1.1"
| #define SP_LIB_VERSION_CURRENT 1
| #define SP_LIB_VERSION_REVISION 0
| #define SP_LIB_VERSION_AGE 1
| #define SP_LIB_VERSION_STRING "1:0:1"
| /* end confdefs.h.  */
| #include <linux/termios.h>
| 
| int
| main ()
| {
| static struct termios2 ac_aggr;
| if (sizeof ac_aggr.c_ispeed)
| return 0;
|   ;
|   return 0;
| }
configure:12938: result: no
configure:12948: checking for struct termios2.c_ospeed
configure:12948: gcc -c -g -O2  conftest.c >&5
conftest.c:29:10: fatal error: 'linux/termios.h' file not found
#include <linux/termios.h>
         ^
1 error generated.
configure:12948: $? = 1
configure: failed program was:
| /* confdefs.h */
| #define PACKAGE_NAME "libserialport"
| #define PACKAGE_TARNAME "libserialport"
| #define PACKAGE_VERSION "0.1.1"
| #define PACKAGE_STRING "libserialport 0.1.1"
| #define PACKAGE_BUGREPORT "martin-libserialport@earth.li"
| #define PACKAGE_URL "http://sigrok.org/wiki/Libserialport"
| #define STDC_HEADERS 1
| #define HAVE_SYS_TYPES_H 1
| #define HAVE_SYS_STAT_H 1
| #define HAVE_STDLIB_H 1
| #define HAVE_STRING_H 1
| #define HAVE_MEMORY_H 1
| #define HAVE_STRINGS_H 1
| #define HAVE_INTTYPES_H 1
| #define HAVE_STDINT_H 1
| #define HAVE_UNISTD_H 1
| #define HAVE_DLFCN_H 1
| #define LT_OBJDIR ".libs/"
| #define SP_PACKAGE_VERSION_MAJOR 0
| #define SP_PACKAGE_VERSION_MINOR 1
| #define SP_PACKAGE_VERSION_MICRO 1
| #define SP_PACKAGE_VERSION_STRING "0.1.1"
| #define SP_LIB_VERSION_CURRENT 1
| #define SP_LIB_VERSION_REVISION 0
| #define SP_LIB_VERSION_AGE 1
| #define SP_LIB_VERSION_STRING "1:0:1"
| /* end confdefs.h.  */
| #include <linux/termios.h>
| 
| int
| main ()
| {
| static struct termios2 ac_aggr;
| if (ac_aggr.c_ospeed)
| return 0;
|   ;
|   return 0;
| }
configure:12948: gcc -c -g -O2  conftest.c >&5
conftest.c:29:10: fatal error: 'linux/termios.h' file not found
#include <linux/termios.h>
         ^
1 error generated.
configure:12948: $? = 1
configure: failed program was:
| /* confdefs.h */
| #define PACKAGE_NAME "libserialport"
| #define PACKAGE_TARNAME "libserialport"
| #define PACKAGE_VERSION "0.1.1"
| #define PACKAGE_STRING "libserialport 0.1.1"
| #define PACKAGE_BUGREPORT "martin-libserialport@earth.li"
| #define PACKAGE_URL "http://sigrok.org/wiki/Libserialport"
| #define STDC_HEADERS 1
| #define HAVE_SYS_TYPES_H 1
| #define HAVE_SYS_STAT_H 1
| #define HAVE_STDLIB_H 1
| #define HAVE_STRING_H 1
| #define HAVE_MEMORY_H 1
| #define HAVE_STRINGS_H 1
| #define HAVE_INTTYPES_H 1
| #define HAVE_STDINT_H 1
| #define HAVE_UNISTD_H 1
| #define HAVE_DLFCN_H 1
| #define LT_OBJDIR ".libs/"
| #define SP_PACKAGE_VERSION_MAJOR 0
| #define SP_PACKAGE_VERSION_MINOR 1
| #define SP_PACKAGE_VERSION_MICRO 1
| #define SP_PACKAGE_VERSION_STRING "0.1.1"
| #define SP_LIB_VERSION_CURRENT 1
| #define SP_LIB_VERSION_REVISION 0
| #define SP_LIB_VERSION_AGE 1
| #define SP_LIB_VERSION_STRING "1:0:1"
| /* end confdefs.h.  */
| #include <linux/termios.h>
| 
| int
| main ()
| {
| static struct termios2 ac_aggr;
| if (sizeof ac_aggr.c_ospeed)
| return 0;
|   ;
|   return 0;
| }
configure:12948: result: no
configure:12963: checking whether BOTHER is declared
configure:12963: gcc -c -g -O2  conftest.c >&5
conftest.c:29:10: fatal error: 'linux/termios.h' file not found
#include <linux/termios.h>
         ^
1 error generated.
configure:12963: $? = 1
configure: failed program was:
| /* confdefs.h */
| #define PACKAGE_NAME "libserialport"
| #define PACKAGE_TARNAME "libserialport"
| #define PACKAGE_VERSION "0.1.1"
| #define PACKAGE_STRING "libserialport 0.1.1"
| #define PACKAGE_BUGREPORT "martin-libserialport@earth.li"
| #define PACKAGE_URL "http://sigrok.org/wiki/Libserialport"
| #define STDC_HEADERS 1
| #define HAVE_SYS_TYPES_H 1
| #define HAVE_SYS_STAT_H 1
| #define HAVE_STDLIB_H 1
| #define HAVE_STRING_H 1
| #define HAVE_MEMORY_H 1
| #define HAVE_STRINGS_H 1
| #define HAVE_INTTYPES_H 1
| #define HAVE_STDINT_H 1
| #define HAVE_UNISTD_H 1
| #define HAVE_DLFCN_H 1
| #define LT_OBJDIR ".libs/"
| #define SP_PACKAGE_VERSION_MAJOR 0
| #define SP_PACKAGE_VERSION_MINOR 1
| #define SP_PACKAGE_VERSION_MICRO 1
| #define SP_PACKAGE_VERSION_STRING "0.1.1"
| #define SP_LIB_VERSION_CURRENT 1
| #define SP_LIB_VERSION_REVISION 0
| #define SP_LIB_VERSION_AGE 1
| #define SP_LIB_VERSION_STRING "1:0:1"
| /* end confdefs.h.  */
| #include <linux/termios.h>
| 
| int
| main ()
| {
| #ifndef BOTHER
| #ifdef __cplusplus
|   (void) BOTHER;
| #else
|   (void) BOTHER;
| #endif
| #endif
| 
|   ;
|   return 0;
| }
configure:12963: result: no
configure:12977: checking for struct serial_struct
configure:12977: gcc -c -g -O2  conftest.c >&5
conftest.c:30:10: fatal error: 'linux/serial.h' file not found
#include <linux/serial.h>
         ^
1 error generated.
configure:12977: $? = 1
configure: failed program was:
| /* confdefs.h */
| #define PACKAGE_NAME "libserialport"
| #define PACKAGE_TARNAME "libserialport"
| #define PACKAGE_VERSION "0.1.1"
| #define PACKAGE_STRING "libserialport 0.1.1"
| #define PACKAGE_BUGREPORT "martin-libserialport@earth.li"
| #define PACKAGE_URL "http://sigrok.org/wiki/Libserialport"
| #define STDC_HEADERS 1
| #define HAVE_SYS_TYPES_H 1
| #define HAVE_SYS_STAT_H 1
| #define HAVE_STDLIB_H 1
| #define HAVE_STRING_H 1
| #define HAVE_MEMORY_H 1
| #define HAVE_STRINGS_H 1
| #define HAVE_INTTYPES_H 1
| #define HAVE_STDINT_H 1
| #define HAVE_UNISTD_H 1
| #define HAVE_DLFCN_H 1
| #define LT_OBJDIR ".libs/"
| #define SP_PACKAGE_VERSION_MAJOR 0
| #define SP_PACKAGE_VERSION_MINOR 1
| #define SP_PACKAGE_VERSION_MICRO 1
| #define SP_PACKAGE_VERSION_STRING "0.1.1"
| #define SP_LIB_VERSION_CURRENT 1
| #define SP_LIB_VERSION_REVISION 0
| #define SP_LIB_VERSION_AGE 1
| #define SP_LIB_VERSION_STRING "1:0:1"
| #define HAVE_DECL_BOTHER 0
| /* end confdefs.h.  */
| #include <linux/serial.h>
| 
| int
| main ()
| {
| if (sizeof (struct serial_struct))
| 	 return 0;
|   ;
|   return 0;
| }
configure:12977: result: no
configure:12989: checking for visibility control
configure:13001: gcc -c -g -O2 -Werror  conftest.c >&5
configure:13001: $? = 0
configure:13019: result: attribute
configure:13153: checking that generated files are newer than configure
configure:13159: result: done
configure:13202: creating ./config.status

## ---------------------- ##
## Running config.status. ##
## ---------------------- ##

This file was extended by libserialport config.status 0.1.1, which was
generated by GNU Autoconf 2.69.  Invocation command line was

  CONFIG_FILES    = 
  CONFIG_HEADERS  = 
  CONFIG_LINKS    = 
  CONFIG_COMMANDS = 
  $ ./config.status 

on virtue

config.status:1101: creating Makefile
config.status:1101: creating libserialport.pc
config.status:1101: creating config.h
config.status:1101: creating libserialport.h
config.status:1330: executing depfiles commands
config.status:1330: executing libtool commands

## ---------------- ##
## Cache variables. ##
## ---------------- ##

ac_cv_build=x86_64-apple-darwin15.3.0
ac_cv_c_compiler_gnu=yes
ac_cv_env_CC_set=
ac_cv_env_CC_value=
ac_cv_env_CFLAGS_set=
ac_cv_env_CFLAGS_value=
ac_cv_env_CPPFLAGS_set=
ac_cv_env_CPPFLAGS_value=
ac_cv_env_CPP_set=
ac_cv_env_CPP_value=
ac_cv_env_LDFLAGS_set=
ac_cv_env_LDFLAGS_value=
ac_cv_env_LIBS_set=
ac_cv_env_LIBS_value=
ac_cv_env_build_alias_set=
ac_cv_env_build_alias_value=
ac_cv_env_host_alias_set=
ac_cv_env_host_alias_value=
ac_cv_env_target_alias_set=
ac_cv_env_target_alias_value=
ac_cv_have_decl_BOTHER=no
ac_cv_header_IOKit_IOKitLib_h=yes
ac_cv_header_dlfcn_h=yes
ac_cv_header_inttypes_h=yes
ac_cv_header_memory_h=yes
ac_cv_header_stdc=yes
ac_cv_header_stdint_h=yes
ac_cv_header_stdlib_h=yes
ac_cv_header_string_h=yes
ac_cv_header_strings_h=yes
ac_cv_header_sys_stat_h=yes
ac_cv_header_sys_types_h=yes
ac_cv_header_unistd_h=yes
ac_cv_host=x86_64-apple-darwin15.3.0
ac_cv_member_struct_termios2_c_ispeed=no
ac_cv_member_struct_termios2_c_ospeed=no
ac_cv_member_struct_termios_c_ispeed=no
ac_cv_member_struct_termios_c_ospeed=no
ac_cv_objext=o
ac_cv_path_EGREP='/usr/bin/grep -E'
ac_cv_path_FGREP='/usr/bin/grep -F'
ac_cv_path_GREP=/usr/bin/grep
ac_cv_path_SED=/usr/bin/sed
ac_cv_path_install='/usr/local/bin/ginstall -c'
ac_cv_path_mkdir=/usr/local/bin/gmkdir
ac_cv_prog_AWK=awk
ac_cv_prog_CPP='gcc -E'
ac_cv_prog_ac_ct_AR=ar
ac_cv_prog_ac_ct_CC=gcc
ac_cv_prog_ac_ct_DSYMUTIL=dsymutil
ac_cv_prog_ac_ct_LIPO=lipo
ac_cv_prog_ac_ct_NMEDIT=nmedit
ac_cv_prog_ac_ct_OTOOL=otool
ac_cv_prog_ac_ct_RANLIB=ranlib
ac_cv_prog_ac_ct_STRIP=strip
ac_cv_prog_cc_c89=
ac_cv_prog_cc_g=yes
ac_cv_prog_make_make_set=yes
ac_cv_sys_file_offset_bits=no
ac_cv_sys_largefile_CC=no
ac_cv_type_size_t=yes
ac_cv_type_struct_serial_struct=no
ac_cv_type_struct_termios2=no
ac_cv_type_struct_termiox=no
am_cv_CC_dependencies_compiler_type=gcc3
am_cv_ar_interface=ar
am_cv_make_support_nested_variables=yes
am_cv_prog_cc_c_o=yes
lt_cv_apple_cc_single_mod=yes
lt_cv_ar_at_file=no
lt_cv_deplibs_check_method=pass_all
lt_cv_file_magic_cmd='$MAGIC_CMD'
lt_cv_file_magic_test_file=
lt_cv_ld_exported_symbols_list=yes
lt_cv_ld_force_load=yes
lt_cv_ld_reload_flag=-r
lt_cv_nm_interface='BSD nm'
lt_cv_objdir=.libs
lt_cv_path_LD=/Applications/Xcode.app/Contents/Developer/Toolchains/XcodeDefault.xctoolchain/usr/bin/ld
lt_cv_path_NM=/usr/bin/nm
lt_cv_path_mainfest_tool=no
lt_cv_prog_compiler_c_o=yes
lt_cv_prog_compiler_pic='-fno-common -DPIC'
lt_cv_prog_compiler_pic_works=yes
lt_cv_prog_compiler_rtti_exceptions=yes
lt_cv_prog_compiler_static_works=no
lt_cv_prog_gnu_ld=no
lt_cv_sharedlib_from_linklib_cmd='printf %s\n'
lt_cv_sys_global_symbol_pipe='sed -n -e '\''s/^.*[	 ]\([BCDEGRST][BCDEGRST]*\)[	 ][	 ]*_\([_A-Za-z][_A-Za-z0-9]*\)$/\1 _\2 \2/p'\'' | sed '\''/ __gnu_lto/d'\'''
lt_cv_sys_global_symbol_to_c_name_address='sed -n -e '\''s/^: \([^ ]*\)[ ]*$/  {\"\1\", (void *) 0},/p'\'' -e '\''s/^[BCDEGRST]* \([^ ]*\) \([^ ]*\)$/  {"\2", (void *) \&\2},/p'\'''
lt_cv_sys_global_symbol_to_c_name_address_lib_prefix='sed -n -e '\''s/^: \([^ ]*\)[ ]*$/  {\"\1\", (void *) 0},/p'\'' -e '\''s/^[BCDEGRST]* \([^ ]*\) \(lib[^ ]*\)$/  {"\2", (void *) \&\2},/p'\'' -e '\''s/^[BCDEGRST]* \([^ ]*\) \([^ ]*\)$/  {"lib\2", (void *) \&\2},/p'\'''
lt_cv_sys_global_symbol_to_cdecl='sed -n -e '\''s/^T .* \(.*\)$/extern int \1();/p'\'' -e '\''s/^[BCDEGRST]* .* \(.*\)$/extern char \1;/p'\'''
lt_cv_sys_max_cmd_len=196608
lt_cv_to_host_file_cmd=func_convert_file_noop
lt_cv_to_tool_file_cmd=func_convert_file_noop
sp_cv_visibility_control=attribute

## ----------------- ##
## Output variables. ##
## ----------------- ##

ACLOCAL='${SHELL} /Users/adare/.julia/v0.4/LibSerialPort/deps/src/libserialport-0.1.1/autostuff/missing aclocal-1.15'
AMDEPBACKSLASH='\'
AMDEP_FALSE='#'
AMDEP_TRUE=''
AMTAR='$${TAR-tar}'
AM_BACKSLASH='\'
AM_DEFAULT_V='$(AM_DEFAULT_VERBOSITY)'
AM_DEFAULT_VERBOSITY='0'
AM_V='$(V)'
AR='ar'
AUTOCONF='${SHELL} /Users/adare/.julia/v0.4/LibSerialPort/deps/src/libserialport-0.1.1/autostuff/missing autoconf'
AUTOHEADER='${SHELL} /Users/adare/.julia/v0.4/LibSerialPort/deps/src/libserialport-0.1.1/autostuff/missing autoheader'
AUTOMAKE='${SHELL} /Users/adare/.julia/v0.4/LibSerialPort/deps/src/libserialport-0.1.1/autostuff/missing automake-1.15'
AWK='awk'
CC='gcc'
CCDEPMODE='depmode=gcc3'
CFLAGS='-g -O2'
CPP='gcc -E'
CPPFLAGS=''
CYGPATH_W='echo'
DEFS='-DHAVE_CONFIG_H'
DEPDIR='.deps'
DLLTOOL='false'
DSYMUTIL='dsymutil'
DUMPBIN=''
ECHO_C='\c'
ECHO_N=''
ECHO_T=''
EGREP='/usr/bin/grep -E'
EXEEXT=''
FGREP='/usr/bin/grep -F'
FREEBSD_FALSE=''
FREEBSD_TRUE='#'
GREP='/usr/bin/grep'
INSTALL_DATA='${INSTALL} -m 644'
INSTALL_PROGRAM='${INSTALL}'
INSTALL_SCRIPT='${INSTALL}'
INSTALL_STRIP_PROGRAM='$(install_sh) -c -s'
LD='/Applications/Xcode.app/Contents/Developer/Toolchains/XcodeDefault.xctoolchain/usr/bin/ld'
LDFLAGS=''
LIBOBJS=''
LIBS=''
LIBTOOL='$(SHELL) $(top_builddir)/libtool'
LINUX_FALSE=''
LINUX_TRUE='#'
LIPO='lipo'
LN_S='ln -s'
LTLIBOBJS=''
MACOSX_FALSE='#'
MACOSX_TRUE=''
MAKEINFO='${SHELL} /Users/adare/.julia/v0.4/LibSerialPort/deps/src/libserialport-0.1.1/autostuff/missing makeinfo'
MANIFEST_TOOL=':'
MKDIR_P='/usr/local/bin/gmkdir -p'
NM='/usr/bin/nm'
NMEDIT='nmedit'
OBJDUMP='false'
OBJEXT='o'
OTOOL64=':'
OTOOL='otool'
PACKAGE='libserialport'
PACKAGE_BUGREPORT='martin-libserialport@earth.li'
PACKAGE_NAME='libserialport'
PACKAGE_STRING='libserialport 0.1.1'
PACKAGE_TARNAME='libserialport'
PACKAGE_URL='http://sigrok.org/wiki/Libserialport'
PACKAGE_VERSION='0.1.1'
PATH_SEPARATOR=':'
RANLIB='ranlib'
SED='/usr/bin/sed'
SET_MAKE=''
SHELL='/bin/sh'
SP_LIBS=''
SP_LIB_VERSION='1:0:1'
SP_PACKAGE_VERSION='0.1.1'
STRIP='strip'
VERSION='0.1.1'
WIN32_FALSE=''
WIN32_TRUE='#'
ac_ct_AR='ar'
ac_ct_CC='gcc'
ac_ct_DUMPBIN=''
am__EXEEXT_FALSE=''
am__EXEEXT_TRUE='#'
am__fastdepCC_FALSE='#'
am__fastdepCC_TRUE=''
am__include='include'
am__isrc=''
am__leading_dot='.'
am__nodep='_no'
am__quote=''
am__tar='$${TAR-tar} chof - "$$tardir"'
am__untar='$${TAR-tar} xf -'
bindir='${exec_prefix}/bin'
build='x86_64-apple-darwin15.3.0'
build_alias=''
build_cpu='x86_64'
build_os='darwin15.3.0'
build_vendor='apple'
datadir='${datarootdir}'
datarootdir='${prefix}/share'
docdir='${datarootdir}/doc/${PACKAGE_TARNAME}'
dvidir='${docdir}'
exec_prefix='${prefix}'
host='x86_64-apple-darwin15.3.0'
host_alias=''
host_cpu='x86_64'
host_os='darwin15.3.0'
host_vendor='apple'
htmldir='${docdir}'
includedir='${prefix}/include'
infodir='${datarootdir}/info'
install_sh='${SHELL} /Users/adare/.julia/v0.4/LibSerialPort/deps/src/libserialport-0.1.1/autostuff/install-sh'
libdir='${exec_prefix}/lib'
libexecdir='${exec_prefix}/libexec'
localedir='${datarootdir}/locale'
localstatedir='${prefix}/var'
mandir='${datarootdir}/man'
mkdir_p='$(MKDIR_P)'
oldincludedir='/usr/include'
pdfdir='${docdir}'
prefix='/Users/adare/.julia/v0.4/LibSerialPort/deps/usr'
program_transform_name='s,x,x,'
psdir='${docdir}'
runstatedir='${localstatedir}/run'
sbindir='${exec_prefix}/sbin'
sharedstatedir='${prefix}/com'
sysconfdir='${prefix}/etc'
target_alias=''

## ----------- ##
## confdefs.h. ##
## ----------- ##

/* confdefs.h */
#define PACKAGE_NAME "libserialport"
#define PACKAGE_TARNAME "libserialport"
#define PACKAGE_VERSION "0.1.1"
#define PACKAGE_STRING "libserialport 0.1.1"
#define PACKAGE_BUGREPORT "martin-libserialport@earth.li"
#define PACKAGE_URL "http://sigrok.org/wiki/Libserialport"
#define STDC_HEADERS 1
#define HAVE_SYS_TYPES_H 1
#define HAVE_SYS_STAT_H 1
#define HAVE_STDLIB_H 1
#define HAVE_STRING_H 1
#define HAVE_MEMORY_H 1
#define HAVE_STRINGS_H 1
#define HAVE_INTTYPES_H 1
#define HAVE_STDINT_H 1
#define HAVE_UNISTD_H 1
#define HAVE_DLFCN_H 1
#define LT_OBJDIR ".libs/"
#define SP_PACKAGE_VERSION_MAJOR 0
#define SP_PACKAGE_VERSION_MINOR 1
#define SP_PACKAGE_VERSION_MICRO 1
#define SP_PACKAGE_VERSION_STRING "0.1.1"
#define SP_LIB_VERSION_CURRENT 1
#define SP_LIB_VERSION_REVISION 0
#define SP_LIB_VERSION_AGE 1
#define SP_LIB_VERSION_STRING "1:0:1"
#define HAVE_DECL_BOTHER 0
#define SP_API __attribute__((visibility("default")))
#define SP_PRIV __attribute__((visibility("hidden")))

configure: exit 0
